{"/home/saelric/Desktop/ejemplosjs/grados.js":{"path":"/home/saelric/Desktop/ejemplosjs/grados.js","s":{"1":1,"2":1,"3":1,"4":1},"b":{},"f":{"1":1},"fnMap":{"1":{"name":"toFahrenheit","line":9,"loc":{"start":{"line":9,"column":0},"end":{"line":9,"column":39}}}},"statementMap":{"1":{"start":{"line":9,"column":0},"end":{"line":12,"column":1}},"2":{"start":{"line":10,"column":2},"end":{"line":10,"column":38}},"3":{"start":{"line":11,"column":2},"end":{"line":11,"column":11}},"4":{"start":{"line":14,"column":0},"end":{"line":14,"column":29}}},"branchMap":{}}}